<?xml version="1.0" encoding="UTF-8"?>
<!-- Generated by org.testng.reporters.JUnitXMLReporter -->
<testsuite ignored="2" hostname="Akash" failures="0" tests="1" name="Default test" time="18.621" errors="0" timestamp="2022-04-15T11:27:26 IST">
  <testcase classname="test.GooglePageTest" name="gmailTest" time="16.785"/>
  <testcase classname="test.GooglePageTest" name="googlePageTest" time="0.0">
    <ignored/>
  </testcase> <!-- googlePageTest -->
  <testcase classname="test.GooglePageTest" name="loginTest" time="0.0">
    <ignored/>
  </testcase> <!-- loginTest -->
</testsuite> <!-- Default test -->
