<?xml version="1.0" encoding="UTF-8"?>
<!-- Generated by org.testng.reporters.JUnitXMLReporter -->
<testsuite ignored="4" hostname="Akash" failures="0" tests="2" name="Test" time="0.051" errors="0" timestamp="2022-04-14T11:14:30 IST">
  <testcase classname="test.BikeTest" name="bikeLoan" time="0.011"/>
  <testcase classname="test.CarTest" name="carLoan" time="0.001"/>
  <testcase classname="test.BikeTest" name="bikeColor" time="0.0">
    <ignored/>
  </testcase> <!-- bikeColor -->
  <testcase classname="test.BikeTest" name="bikePrice" time="0.0">
    <ignored/>
  </testcase> <!-- bikePrice -->
  <testcase classname="test.CarTest" name="carColor" time="0.0">
    <ignored/>
  </testcase> <!-- carColor -->
  <testcase classname="test.CarTest" name="carPrice" time="0.0">
    <ignored/>
  </testcase> <!-- carPrice -->
</testsuite> <!-- Test -->
