<?xml version="1.0" encoding="UTF-8"?>
<!-- Generated by org.testng.reporters.JUnitXMLReporter -->
<testsuite ignored="0" hostname="Akash" failures="0" tests="4" name="Default test" time="0.053" errors="0" timestamp="2022-04-14T10:35:34 IST">
  <testcase classname="test.PriorityTest" name="b" time="0.009"/>
  <testcase classname="test.PriorityTest" name="a" time="0.001"/>
  <testcase classname="test.PriorityTest" name="d" time="0.001"/>
  <testcase classname="test.PriorityTest" name="c" time="0.001"/>
</testsuite> <!-- Default test -->
